<?xml version="1.0" encoding="UTF-8"?>
<!-- Generated by org.testng.reporters.JUnitXMLReporter -->
<testsuite hostname="C1GF75IPTV" name="SeleniumFramework Test Cases" tests="6" failures="1" timestamp="2 Aug 2019 09:41:37 GMT" time="92.463" errors="0">
  <testcase name="LoginPageTest_SignInButtonClickable" time="0.026" classname="test.LoginPageTest"/>
  <testcase name="LoginPageTest_WhenCorrectEmailAndPasswordEntered" time="0.207" classname="test.LoginPageTest">
    <failure type="java.lang.NullPointerException">
      <![CDATA[java.lang.NullPointerException
	at pages.LoginPage.validateLoginPageWhenCorrectEmailAndPassword(LoginPage.java:59)
	at test.LoginPageTest.LoginPageTest_WhenCorrectEmailAndPasswordEntered(LoginPageTest.java:56)
... Removed 24 stack frames]]>
    </failure>
  </testcase> <!-- LoginPageTest_WhenCorrectEmailAndPasswordEntered -->
  <testcase name="LoginPageTest_WhenEmailAndPasswordBlank" time="1.736" classname="test.LoginPageTest"/>
  <testcase name="LoginPageTest_WhenWrongEmailEntered" time="1.835" classname="test.LoginPageTest"/>
  <testcase name="LoginPageTest_WhenWrongPasswordEntered" time="2.473" classname="test.LoginPageTest"/>
  <testcase name="loginPageTitleTest" time="0.006" classname="test.LoginPageTest"/>
</testsuite> <!-- SeleniumFramework Test Cases -->
