<?xml version="1.0" encoding="UTF-8"?>
<testng-results skipped="0" failed="1" total="6" passed="5">
  <reporter-output>
  </reporter-output>
  <suite name="SeleniumFramework" duration-ms="92463" started-at="2019-08-02T09:40:04Z" finished-at="2019-08-02T09:41:37Z">
    <groups>
    </groups>
    <test name="SeleniumFramework Test Cases" duration-ms="92463" started-at="2019-08-02T09:40:04Z" finished-at="2019-08-02T09:41:37Z">
      <class name="test.LoginPageTest">
        <test-method status="PASS" signature="setup()[pri:0, instance:test.LoginPageTest@59fa1d9b]" name="setup" is-config="true" duration-ms="11448" started-at="2019-08-02T15:10:04Z" finished-at="2019-08-02T15:10:16Z">
          <reporter-output>
          </reporter-output>
        </test-method> <!-- setup -->
        <test-method status="PASS" signature="LoginPageTest_SignInButtonClickable()[pri:0, instance:test.LoginPageTest@59fa1d9b]" name="LoginPageTest_SignInButtonClickable" duration-ms="26" started-at="2019-08-02T15:10:16Z" finished-at="2019-08-02T15:10:16Z">
          <reporter-output>
          </reporter-output>
        </test-method> <!-- LoginPageTest_SignInButtonClickable -->
        <test-method status="PASS" signature="exitBrowser()[pri:0, instance:test.LoginPageTest@59fa1d9b]" name="exitBrowser" is-config="true" duration-ms="591" started-at="2019-08-02T15:10:16Z" finished-at="2019-08-02T15:10:16Z">
          <reporter-output>
          </reporter-output>
        </test-method> <!-- exitBrowser -->
        <test-method status="PASS" signature="setup()[pri:0, instance:test.LoginPageTest@59fa1d9b]" name="setup" is-config="true" duration-ms="11525" started-at="2019-08-02T15:10:16Z" finished-at="2019-08-02T15:10:28Z">
          <reporter-output>
          </reporter-output>
        </test-method> <!-- setup -->
        <test-method status="FAIL" signature="LoginPageTest_WhenCorrectEmailAndPasswordEntered()[pri:0, instance:test.LoginPageTest@59fa1d9b]" name="LoginPageTest_WhenCorrectEmailAndPasswordEntered" duration-ms="207" started-at="2019-08-02T15:10:28Z" finished-at="2019-08-02T15:10:28Z">
          <exception class="java.lang.NullPointerException">
            <full-stacktrace>
              <![CDATA[java.lang.NullPointerException
	at pages.LoginPage.validateLoginPageWhenCorrectEmailAndPassword(LoginPage.java:59)
	at test.LoginPageTest.LoginPageTest_WhenCorrectEmailAndPasswordEntered(LoginPageTest.java:56)
	at sun.reflect.NativeMethodAccessorImpl.invoke0(Native Method)
	at sun.reflect.NativeMethodAccessorImpl.invoke(Unknown Source)
	at sun.reflect.DelegatingMethodAccessorImpl.invoke(Unknown Source)
	at java.lang.reflect.Method.invoke(Unknown Source)
	at org.testng.internal.MethodInvocationHelper.invokeMethod(MethodInvocationHelper.java:86)
	at org.testng.internal.Invoker.invokeMethod(Invoker.java:643)
	at org.testng.internal.Invoker.invokeTestMethod(Invoker.java:820)
	at org.testng.internal.Invoker.invokeTestMethods(Invoker.java:1128)
	at org.testng.internal.TestMethodWorker.invokeTestMethods(TestMethodWorker.java:129)
	at org.testng.internal.TestMethodWorker.run(TestMethodWorker.java:112)
	at org.testng.TestRunner.privateRun(TestRunner.java:782)
	at org.testng.TestRunner.run(TestRunner.java:632)
	at org.testng.SuiteRunner.runTest(SuiteRunner.java:366)
	at org.testng.SuiteRunner.runSequentially(SuiteRunner.java:361)
	at org.testng.SuiteRunner.privateRun(SuiteRunner.java:319)
	at org.testng.SuiteRunner.run(SuiteRunner.java:268)
	at org.testng.SuiteRunnerWorker.runSuite(SuiteRunnerWorker.java:52)
	at org.testng.SuiteRunnerWorker.run(SuiteRunnerWorker.java:86)
	at org.testng.TestNG.runSuitesSequentially(TestNG.java:1244)
	at org.testng.TestNG.runSuitesLocally(TestNG.java:1169)
	at org.testng.TestNG.run(TestNG.java:1064)
	at org.testng.remote.AbstractRemoteTestNG.run(AbstractRemoteTestNG.java:132)
	at org.testng.remote.RemoteTestNG.initAndRun(RemoteTestNG.java:236)
	at org.testng.remote.RemoteTestNG.main(RemoteTestNG.java:81)
]]>
            </full-stacktrace>
          </exception> <!-- java.lang.NullPointerException -->
          <reporter-output>
          </reporter-output>
        </test-method> <!-- LoginPageTest_WhenCorrectEmailAndPasswordEntered -->
        <test-method status="PASS" signature="exitBrowser()[pri:0, instance:test.LoginPageTest@59fa1d9b]" name="exitBrowser" is-config="true" duration-ms="594" started-at="2019-08-02T15:10:28Z" finished-at="2019-08-02T15:10:29Z">
          <reporter-output>
          </reporter-output>
        </test-method> <!-- exitBrowser -->
        <test-method status="PASS" signature="setup()[pri:0, instance:test.LoginPageTest@59fa1d9b]" name="setup" is-config="true" duration-ms="13114" started-at="2019-08-02T15:10:29Z" finished-at="2019-08-02T15:10:42Z">
          <reporter-output>
          </reporter-output>
        </test-method> <!-- setup -->
        <test-method status="PASS" signature="LoginPageTest_WhenEmailAndPasswordBlank()[pri:0, instance:test.LoginPageTest@59fa1d9b]" name="LoginPageTest_WhenEmailAndPasswordBlank" duration-ms="1736" started-at="2019-08-02T15:10:42Z" finished-at="2019-08-02T15:10:43Z">
          <reporter-output>
          </reporter-output>
        </test-method> <!-- LoginPageTest_WhenEmailAndPasswordBlank -->
        <test-method status="PASS" signature="exitBrowser()[pri:0, instance:test.LoginPageTest@59fa1d9b]" name="exitBrowser" is-config="true" duration-ms="596" started-at="2019-08-02T15:10:43Z" finished-at="2019-08-02T15:10:44Z">
          <reporter-output>
          </reporter-output>
        </test-method> <!-- exitBrowser -->
        <test-method status="PASS" signature="setup()[pri:0, instance:test.LoginPageTest@59fa1d9b]" name="setup" is-config="true" duration-ms="23389" started-at="2019-08-02T15:10:44Z" finished-at="2019-08-02T15:11:07Z">
          <reporter-output>
          </reporter-output>
        </test-method> <!-- setup -->
        <test-method status="PASS" signature="LoginPageTest_WhenWrongEmailEntered()[pri:0, instance:test.LoginPageTest@59fa1d9b]" name="LoginPageTest_WhenWrongEmailEntered" duration-ms="1835" started-at="2019-08-02T15:11:07Z" finished-at="2019-08-02T15:11:09Z">
          <reporter-output>
          </reporter-output>
        </test-method> <!-- LoginPageTest_WhenWrongEmailEntered -->
        <test-method status="PASS" signature="exitBrowser()[pri:0, instance:test.LoginPageTest@59fa1d9b]" name="exitBrowser" is-config="true" duration-ms="590" started-at="2019-08-02T15:11:09Z" finished-at="2019-08-02T15:11:10Z">
          <reporter-output>
          </reporter-output>
        </test-method> <!-- exitBrowser -->
        <test-method status="PASS" signature="setup()[pri:0, instance:test.LoginPageTest@59fa1d9b]" name="setup" is-config="true" duration-ms="12765" started-at="2019-08-02T15:11:10Z" finished-at="2019-08-02T15:11:23Z">
          <reporter-output>
          </reporter-output>
        </test-method> <!-- setup -->
        <test-method status="PASS" signature="LoginPageTest_WhenWrongPasswordEntered()[pri:0, instance:test.LoginPageTest@59fa1d9b]" name="LoginPageTest_WhenWrongPasswordEntered" duration-ms="2473" started-at="2019-08-02T15:11:23Z" finished-at="2019-08-02T15:11:25Z">
          <reporter-output>
          </reporter-output>
        </test-method> <!-- LoginPageTest_WhenWrongPasswordEntered -->
        <test-method status="PASS" signature="exitBrowser()[pri:0, instance:test.LoginPageTest@59fa1d9b]" name="exitBrowser" is-config="true" duration-ms="596" started-at="2019-08-02T15:11:25Z" finished-at="2019-08-02T15:11:26Z">
          <reporter-output>
          </reporter-output>
        </test-method> <!-- exitBrowser -->
        <test-method status="PASS" signature="setup()[pri:0, instance:test.LoginPageTest@59fa1d9b]" name="setup" is-config="true" duration-ms="10355" started-at="2019-08-02T15:11:26Z" finished-at="2019-08-02T15:11:36Z">
          <reporter-output>
          </reporter-output>
        </test-method> <!-- setup -->
        <test-method status="PASS" signature="loginPageTitleTest()[pri:0, instance:test.LoginPageTest@59fa1d9b]" name="loginPageTitleTest" duration-ms="6" started-at="2019-08-02T15:11:36Z" finished-at="2019-08-02T15:11:36Z">
          <reporter-output>
          </reporter-output>
        </test-method> <!-- loginPageTitleTest -->
        <test-method status="PASS" signature="exitBrowser()[pri:0, instance:test.LoginPageTest@59fa1d9b]" name="exitBrowser" is-config="true" duration-ms="602" started-at="2019-08-02T15:11:36Z" finished-at="2019-08-02T15:11:37Z">
          <reporter-output>
          </reporter-output>
        </test-method> <!-- exitBrowser -->
      </class> <!-- test.LoginPageTest -->
    </test> <!-- SeleniumFramework Test Cases -->
  </suite> <!-- SeleniumFramework -->
</testng-results>
